
> nx run boty-app:build:production

[1m[33mThe "prerender" option is not considered when "outputMode" is specified.[39m[22m
[33m❯[39m Building...
Could not load cart from local storage ReferenceError: localStorage is not defined
    at s.loadFromLocalStorage (file:///home/txetxaki/boty-agency/workspace/.angular/prerender-root/10913d6d-5484-425d-9816-e40358aaa588/chunk-PSA3WFBL.mjs:2:1465)
    at new s (file:///home/txetxaki/boty-agency/workspace/.angular/prerender-root/10913d6d-5484-425d-9816-e40358aaa588/chunk-PSA3WFBL.mjs:2:436)
    at Object.ɵfac [as factory] (file:///home/txetxaki/boty-agency/workspace/.angular/prerender-root/10913d6d-5484-425d-9816-e40358aaa588/chunk-PSA3WFBL.mjs:2:1652)
    at ft.hydrate (file:///home/txetxaki/boty-agency/workspace/.angular/prerender-root/10913d6d-5484-425d-9816-e40358aaa588/chunk-G6FZTZA4.mjs:5:7812)
    at ft.get (file:///home/txetxaki/boty-agency/workspace/.angular/prerender-root/10913d6d-5484-425d-9816-e40358aaa588/chunk-G6FZTZA4.mjs:5:7057)
    at ft.get (file:///home/txetxaki/boty-agency/workspace/.angular/prerender-root/10913d6d-5484-425d-9816-e40358aaa588/chunk-G6FZTZA4.mjs:5:7129)
    at $a.get (file:///home/txetxaki/boty-agency/workspace/.angular/prerender-root/10913d6d-5484-425d-9816-e40358aaa588/chunk-G6FZTZA4.mjs:31:6974)
    at Yd (file:///home/txetxaki/boty-agency/workspace/.angular/prerender-root/10913d6d-5484-425d-9816-e40358aaa588/chunk-G6FZTZA4.mjs:5:30170)
    at Kd (file:///home/txetxaki/boty-agency/workspace/.angular/prerender-root/10913d6d-5484-425d-9816-e40358aaa588/chunk-G6FZTZA4.mjs:5:30373)
    at lr (file:///home/txetxaki/boty-agency/workspace/.angular/prerender-root/10913d6d-5484-425d-9816-e40358aaa588/chunk-G6FZTZA4.mjs:31:7349)
Could not load cart from local storage ReferenceError: localStorage is not defined
    at s.loadFromLocalStorage (file:///home/txetxaki/boty-agency/workspace/.angular/prerender-root/9047b61f-61b9-4464-bdd3-6bea62b40a38/chunk-PSA3WFBL.mjs:2:1465)
    at new s (file:///home/txetxaki/boty-agency/workspace/.angular/prerender-root/9047b61f-61b9-4464-bdd3-6bea62b40a38/chunk-PSA3WFBL.mjs:2:436)
    at Object.ɵfac [as factory] (file:///home/txetxaki/boty-agency/workspace/.angular/prerender-root/9047b61f-61b9-4464-bdd3-6bea62b40a38/chunk-PSA3WFBL.mjs:2:1652)
    at ft.hydrate (file:///home/txetxaki/boty-agency/workspace/.angular/prerender-root/9047b61f-61b9-4464-bdd3-6bea62b40a38/chunk-G6FZTZA4.mjs:5:7812)
    at ft.get (file:///home/txetxaki/boty-agency/workspace/.angular/prerender-root/9047b61f-61b9-4464-bdd3-6bea62b40a38/chunk-G6FZTZA4.mjs:5:7057)
    at ft.get (file:///home/txetxaki/boty-agency/workspace/.angular/prerender-root/9047b61f-61b9-4464-bdd3-6bea62b40a38/chunk-G6FZTZA4.mjs:5:7129)
    at $a.get (file:///home/txetxaki/boty-agency/workspace/.angular/prerender-root/9047b61f-61b9-4464-bdd3-6bea62b40a38/chunk-G6FZTZA4.mjs:31:6974)
    at Yd (file:///home/txetxaki/boty-agency/workspace/.angular/prerender-root/9047b61f-61b9-4464-bdd3-6bea62b40a38/chunk-G6FZTZA4.mjs:5:30170)
    at Kd (file:///home/txetxaki/boty-agency/workspace/.angular/prerender-root/9047b61f-61b9-4464-bdd3-6bea62b40a38/chunk-G6FZTZA4.mjs:5:30373)
    at lr (file:///home/txetxaki/boty-agency/workspace/.angular/prerender-root/9047b61f-61b9-4464-bdd3-6bea62b40a38/chunk-G6FZTZA4.mjs:31:7349)
Could not load cart from local storage ReferenceError: localStorage is not defined
    at s.loadFromLocalStorage (file:///home/txetxaki/boty-agency/workspace/.angular/prerender-root/99d78e50-ea33-456d-850a-68a7346f1906/chunk-PSA3WFBL.mjs:2:1465)
    at new s (file:///home/txetxaki/boty-agency/workspace/.angular/prerender-root/99d78e50-ea33-456d-850a-68a7346f1906/chunk-PSA3WFBL.mjs:2:436)
    at Object.ɵfac [as factory] (file:///home/txetxaki/boty-agency/workspace/.angular/prerender-root/99d78e50-ea33-456d-850a-68a7346f1906/chunk-PSA3WFBL.mjs:2:1652)
    at ft.hydrate (file:///home/txetxaki/boty-agency/workspace/.angular/prerender-root/99d78e50-ea33-456d-850a-68a7346f1906/chunk-G6FZTZA4.mjs:5:7812)
    at ft.get (file:///home/txetxaki/boty-agency/workspace/.angular/prerender-root/99d78e50-ea33-456d-850a-68a7346f1906/chunk-G6FZTZA4.mjs:5:7057)
    at ft.get (file:///home/txetxaki/boty-agency/workspace/.angular/prerender-root/99d78e50-ea33-456d-850a-68a7346f1906/chunk-G6FZTZA4.mjs:5:7129)
    at $a.get (file:///home/txetxaki/boty-agency/workspace/.angular/prerender-root/99d78e50-ea33-456d-850a-68a7346f1906/chunk-G6FZTZA4.mjs:31:6974)
    at Yd (file:///home/txetxaki/boty-agency/workspace/.angular/prerender-root/99d78e50-ea33-456d-850a-68a7346f1906/chunk-G6FZTZA4.mjs:5:30170)
    at Kd (file:///home/txetxaki/boty-agency/workspace/.angular/prerender-root/99d78e50-ea33-456d-850a-68a7346f1906/chunk-G6FZTZA4.mjs:5:30373)
    at lr (file:///home/txetxaki/boty-agency/workspace/.angular/prerender-root/99d78e50-ea33-456d-850a-68a7346f1906/chunk-G6FZTZA4.mjs:31:7349)
Could not load cart from local storage ReferenceError: localStorage is not defined
    at s.loadFromLocalStorage (file:///home/txetxaki/boty-agency/workspace/.angular/prerender-root/9047b61f-61b9-4464-bdd3-6bea62b40a38/chunk-PSA3WFBL.mjs:2:1465)
    at new s (file:///home/txetxaki/boty-agency/workspace/.angular/prerender-root/9047b61f-61b9-4464-bdd3-6bea62b40a38/chunk-PSA3WFBL.mjs:2:436)
    at Object.ɵfac [as factory] (file:///home/txetxaki/boty-agency/workspace/.angular/prerender-root/9047b61f-61b9-4464-bdd3-6bea62b40a38/chunk-PSA3WFBL.mjs:2:1652)
    at ft.hydrate (file:///home/txetxaki/boty-agency/workspace/.angular/prerender-root/9047b61f-61b9-4464-bdd3-6bea62b40a38/chunk-G6FZTZA4.mjs:5:7812)
    at ft.get (file:///home/txetxaki/boty-agency/workspace/.angular/prerender-root/9047b61f-61b9-4464-bdd3-6bea62b40a38/chunk-G6FZTZA4.mjs:5:7057)
    at ft.get (file:///home/txetxaki/boty-agency/workspace/.angular/prerender-root/9047b61f-61b9-4464-bdd3-6bea62b40a38/chunk-G6FZTZA4.mjs:5:7129)
    at $a.get (file:///home/txetxaki/boty-agency/workspace/.angular/prerender-root/9047b61f-61b9-4464-bdd3-6bea62b40a38/chunk-G6FZTZA4.mjs:31:6974)
    at Yd (file:///home/txetxaki/boty-agency/workspace/.angular/prerender-root/9047b61f-61b9-4464-bdd3-6bea62b40a38/chunk-G6FZTZA4.mjs:5:30170)
    at Kd (file:///home/txetxaki/boty-agency/workspace/.angular/prerender-root/9047b61f-61b9-4464-bdd3-6bea62b40a38/chunk-G6FZTZA4.mjs:5:30373)
    at lr (file:///home/txetxaki/boty-agency/workspace/.angular/prerender-root/9047b61f-61b9-4464-bdd3-6bea62b40a38/chunk-G6FZTZA4.mjs:31:7349)
Could not load cart from local storage ReferenceError: localStorage is not defined
    at s.loadFromLocalStorage (file:///home/txetxaki/boty-agency/workspace/.angular/prerender-root/10913d6d-5484-425d-9816-e40358aaa588/chunk-PSA3WFBL.mjs:2:1465)
    at new s (file:///home/txetxaki/boty-agency/workspace/.angular/prerender-root/10913d6d-5484-425d-9816-e40358aaa588/chunk-PSA3WFBL.mjs:2:436)
    at Object.ɵfac [as factory] (file:///home/txetxaki/boty-agency/workspace/.angular/prerender-root/10913d6d-5484-425d-9816-e40358aaa588/chunk-PSA3WFBL.mjs:2:1652)
    at ft.hydrate (file:///home/txetxaki/boty-agency/workspace/.angular/prerender-root/10913d6d-5484-425d-9816-e40358aaa588/chunk-G6FZTZA4.mjs:5:7812)
    at ft.get (file:///home/txetxaki/boty-agency/workspace/.angular/prerender-root/10913d6d-5484-425d-9816-e40358aaa588/chunk-G6FZTZA4.mjs:5:7057)
    at ft.get (file:///home/txetxaki/boty-agency/workspace/.angular/prerender-root/10913d6d-5484-425d-9816-e40358aaa588/chunk-G6FZTZA4.mjs:5:7129)
    at $a.get (file:///home/txetxaki/boty-agency/workspace/.angular/prerender-root/10913d6d-5484-425d-9816-e40358aaa588/chunk-G6FZTZA4.mjs:31:6974)
    at Yd (file:///home/txetxaki/boty-agency/workspace/.angular/prerender-root/10913d6d-5484-425d-9816-e40358aaa588/chunk-G6FZTZA4.mjs:5:30170)
    at Kd (file:///home/txetxaki/boty-agency/workspace/.angular/prerender-root/10913d6d-5484-425d-9816-e40358aaa588/chunk-G6FZTZA4.mjs:5:30373)
    at lr (file:///home/txetxaki/boty-agency/workspace/.angular/prerender-root/10913d6d-5484-425d-9816-e40358aaa588/chunk-G6FZTZA4.mjs:31:7349)
Could not load cart from local storage ReferenceError: localStorage is not defined
    at s.loadFromLocalStorage (file:///home/txetxaki/boty-agency/workspace/.angular/prerender-root/99d78e50-ea33-456d-850a-68a7346f1906/chunk-PSA3WFBL.mjs:2:1465)
    at new s (file:///home/txetxaki/boty-agency/workspace/.angular/prerender-root/99d78e50-ea33-456d-850a-68a7346f1906/chunk-PSA3WFBL.mjs:2:436)
    at Object.ɵfac [as factory] (file:///home/txetxaki/boty-agency/workspace/.angular/prerender-root/99d78e50-ea33-456d-850a-68a7346f1906/chunk-PSA3WFBL.mjs:2:1652)
    at ft.hydrate (file:///home/txetxaki/boty-agency/workspace/.angular/prerender-root/99d78e50-ea33-456d-850a-68a7346f1906/chunk-G6FZTZA4.mjs:5:7812)
    at ft.get (file:///home/txetxaki/boty-agency/workspace/.angular/prerender-root/99d78e50-ea33-456d-850a-68a7346f1906/chunk-G6FZTZA4.mjs:5:7057)
    at ft.get (file:///home/txetxaki/boty-agency/workspace/.angular/prerender-root/99d78e50-ea33-456d-850a-68a7346f1906/chunk-G6FZTZA4.mjs:5:7129)
    at $a.get (file:///home/txetxaki/boty-agency/workspace/.angular/prerender-root/99d78e50-ea33-456d-850a-68a7346f1906/chunk-G6FZTZA4.mjs:31:6974)
    at Yd (file:///home/txetxaki/boty-agency/workspace/.angular/prerender-root/99d78e50-ea33-456d-850a-68a7346f1906/chunk-G6FZTZA4.mjs:5:30170)
    at Kd (file:///home/txetxaki/boty-agency/workspace/.angular/prerender-root/99d78e50-ea33-456d-850a-68a7346f1906/chunk-G6FZTZA4.mjs:5:30373)
    at lr (file:///home/txetxaki/boty-agency/workspace/.angular/prerender-root/99d78e50-ea33-456d-850a-68a7346f1906/chunk-G6FZTZA4.mjs:31:7349)
Could not load cart from local storage ReferenceError: localStorage is not defined
    at s.loadFromLocalStorage (file:///home/txetxaki/boty-agency/workspace/.angular/prerender-root/9047b61f-61b9-4464-bdd3-6bea62b40a38/chunk-PSA3WFBL.mjs:2:1465)
    at new s (file:///home/txetxaki/boty-agency/workspace/.angular/prerender-root/9047b61f-61b9-4464-bdd3-6bea62b40a38/chunk-PSA3WFBL.mjs:2:436)
    at Object.ɵfac [as factory] (file:///home/txetxaki/boty-agency/workspace/.angular/prerender-root/9047b61f-61b9-4464-bdd3-6bea62b40a38/chunk-PSA3WFBL.mjs:2:1652)
    at ft.hydrate (file:///home/txetxaki/boty-agency/workspace/.angular/prerender-root/9047b61f-61b9-4464-bdd3-6bea62b40a38/chunk-G6FZTZA4.mjs:5:7812)
    at ft.get (file:///home/txetxaki/boty-agency/workspace/.angular/prerender-root/9047b61f-61b9-4464-bdd3-6bea62b40a38/chunk-G6FZTZA4.mjs:5:7057)
    at ft.get (file:///home/txetxaki/boty-agency/workspace/.angular/prerender-root/9047b61f-61b9-4464-bdd3-6bea62b40a38/chunk-G6FZTZA4.mjs:5:7129)
    at $a.get (file:///home/txetxaki/boty-agency/workspace/.angular/prerender-root/9047b61f-61b9-4464-bdd3-6bea62b40a38/chunk-G6FZTZA4.mjs:31:6974)
    at Yd (file:///home/txetxaki/boty-agency/workspace/.angular/prerender-root/9047b61f-61b9-4464-bdd3-6bea62b40a38/chunk-G6FZTZA4.mjs:5:30170)
    at Kd (file:///home/txetxaki/boty-agency/workspace/.angular/prerender-root/9047b61f-61b9-4464-bdd3-6bea62b40a38/chunk-G6FZTZA4.mjs:5:30373)
    at lr (file:///home/txetxaki/boty-agency/workspace/.angular/prerender-root/9047b61f-61b9-4464-bdd3-6bea62b40a38/chunk-G6FZTZA4.mjs:31:7349)
ERROR ReferenceError: document is not defined
    at t.ngOnInit (file:///home/txetxaki/boty-agency/workspace/.angular/prerender-root/99d78e50-ea33-456d-850a-68a7346f1906/chunk-CR54EATJ.mjs:2:2210)
    at nd (file:///home/txetxaki/boty-agency/workspace/.angular/prerender-root/99d78e50-ea33-456d-850a-68a7346f1906/chunk-G6FZTZA4.mjs:5:27015)
    at Ty (file:///home/txetxaki/boty-agency/workspace/.angular/prerender-root/99d78e50-ea33-456d-850a-68a7346f1906/chunk-G6FZTZA4.mjs:5:27177)
    at Ud (file:///home/txetxaki/boty-agency/workspace/.angular/prerender-root/99d78e50-ea33-456d-850a-68a7346f1906/chunk-G6FZTZA4.mjs:5:26904)
    at Mo (file:///home/txetxaki/boty-agency/workspace/.angular/prerender-root/99d78e50-ea33-456d-850a-68a7346f1906/chunk-G6FZTZA4.mjs:5:26632)
    at zE (file:///home/txetxaki/boty-agency/workspace/.angular/prerender-root/99d78e50-ea33-456d-850a-68a7346f1906/chunk-G6FZTZA4.mjs:5:66265)
    at Fa (file:///home/txetxaki/boty-agency/workspace/.angular/prerender-root/99d78e50-ea33-456d-850a-68a7346f1906/chunk-G6FZTZA4.mjs:5:67341)
    at Ip (file:///home/txetxaki/boty-agency/workspace/.angular/prerender-root/99d78e50-ea33-456d-850a-68a7346f1906/chunk-G6FZTZA4.mjs:5:67173)
    at Ep (file:///home/txetxaki/boty-agency/workspace/.angular/prerender-root/99d78e50-ea33-456d-850a-68a7346f1906/chunk-G6FZTZA4.mjs:5:66913)
    at zE (file:///home/txetxaki/boty-agency/workspace/.angular/prerender-root/99d78e50-ea33-456d-850a-68a7346f1906/chunk-G6FZTZA4.mjs:5:66306)
Could not load cart from local storage ReferenceError: localStorage is not defined
    at s.loadFromLocalStorage (file:///home/txetxaki/boty-agency/workspace/.angular/prerender-root/10913d6d-5484-425d-9816-e40358aaa588/chunk-PSA3WFBL.mjs:2:1465)
    at new s (file:///home/txetxaki/boty-agency/workspace/.angular/prerender-root/10913d6d-5484-425d-9816-e40358aaa588/chunk-PSA3WFBL.mjs:2:436)
    at Object.ɵfac [as factory] (file:///home/txetxaki/boty-agency/workspace/.angular/prerender-root/10913d6d-5484-425d-9816-e40358aaa588/chunk-PSA3WFBL.mjs:2:1652)
    at ft.hydrate (file:///home/txetxaki/boty-agency/workspace/.angular/prerender-root/10913d6d-5484-425d-9816-e40358aaa588/chunk-G6FZTZA4.mjs:5:7812)
    at ft.get (file:///home/txetxaki/boty-agency/workspace/.angular/prerender-root/10913d6d-5484-425d-9816-e40358aaa588/chunk-G6FZTZA4.mjs:5:7057)
    at ft.get (file:///home/txetxaki/boty-agency/workspace/.angular/prerender-root/10913d6d-5484-425d-9816-e40358aaa588/chunk-G6FZTZA4.mjs:5:7129)
    at $a.get (file:///home/txetxaki/boty-agency/workspace/.angular/prerender-root/10913d6d-5484-425d-9816-e40358aaa588/chunk-G6FZTZA4.mjs:31:6974)
    at Yd (file:///home/txetxaki/boty-agency/workspace/.angular/prerender-root/10913d6d-5484-425d-9816-e40358aaa588/chunk-G6FZTZA4.mjs:5:30170)
    at Kd (file:///home/txetxaki/boty-agency/workspace/.angular/prerender-root/10913d6d-5484-425d-9816-e40358aaa588/chunk-G6FZTZA4.mjs:5:30373)
    at lr (file:///home/txetxaki/boty-agency/workspace/.angular/prerender-root/10913d6d-5484-425d-9816-e40358aaa588/chunk-G6FZTZA4.mjs:31:7349)
Could not load cart from local storage ReferenceError: localStorage is not defined
    at s.loadFromLocalStorage (file:///home/txetxaki/boty-agency/workspace/.angular/prerender-root/99d78e50-ea33-456d-850a-68a7346f1906/chunk-PSA3WFBL.mjs:2:1465)
    at new s (file:///home/txetxaki/boty-agency/workspace/.angular/prerender-root/99d78e50-ea33-456d-850a-68a7346f1906/chunk-PSA3WFBL.mjs:2:436)
    at Object.ɵfac [as factory] (file:///home/txetxaki/boty-agency/workspace/.angular/prerender-root/99d78e50-ea33-456d-850a-68a7346f1906/chunk-PSA3WFBL.mjs:2:1652)
    at ft.hydrate (file:///home/txetxaki/boty-agency/workspace/.angular/prerender-root/99d78e50-ea33-456d-850a-68a7346f1906/chunk-G6FZTZA4.mjs:5:7812)
    at ft.get (file:///home/txetxaki/boty-agency/workspace/.angular/prerender-root/99d78e50-ea33-456d-850a-68a7346f1906/chunk-G6FZTZA4.mjs:5:7057)
    at ft.get (file:///home/txetxaki/boty-agency/workspace/.angular/prerender-root/99d78e50-ea33-456d-850a-68a7346f1906/chunk-G6FZTZA4.mjs:5:7129)
    at $a.get (file:///home/txetxaki/boty-agency/workspace/.angular/prerender-root/99d78e50-ea33-456d-850a-68a7346f1906/chunk-G6FZTZA4.mjs:31:6974)
    at Yd (file:///home/txetxaki/boty-agency/workspace/.angular/prerender-root/99d78e50-ea33-456d-850a-68a7346f1906/chunk-G6FZTZA4.mjs:5:30170)
    at Kd (file:///home/txetxaki/boty-agency/workspace/.angular/prerender-root/99d78e50-ea33-456d-850a-68a7346f1906/chunk-G6FZTZA4.mjs:5:30373)
    at lr (file:///home/txetxaki/boty-agency/workspace/.angular/prerender-root/99d78e50-ea33-456d-850a-68a7346f1906/chunk-G6FZTZA4.mjs:31:7349)
[32m✔[39m Building...
[37m[1mInitial chunk files[22m[2m | [22m[1mNames[22m                    [2m | [22m [1mRaw size[22m[2m | [22m[1mEstimated transfer size[22m
[32mchunk-W3FQSFUD.js[37m  [2m | [22m[2m-[22m                        [2m | [22m[36m491.81 kB[37m[2m | [22m               [36m99.70 kB[37m
[32mchunk-DSO7E2BS.js[37m  [2m | [22m[2m-[22m                        [2m | [22m[36m181.90 kB[37m[2m | [22m               [36m54.20 kB[37m
[32mchunk-3TJAJ4IN.js[37m  [2m | [22m[2m-[22m                        [2m | [22m[36m101.21 kB[37m[2m | [22m               [36m25.69 kB[37m
[32mchunk-DP3IJ6PZ.js[37m  [2m | [22m[2m-[22m                        [2m | [22m [36m31.43 kB[37m[2m | [22m                [36m9.50 kB[37m
[32mchunk-VR3VMVLQ.js[37m  [2m | [22m[2m-[22m                        [2m | [22m [36m27.45 kB[37m[2m | [22m                [36m8.26 kB[37m
[32mmain-KIJW5L45.js[37m   [2m | [22m[2mmain[22m                     [2m | [22m  [36m4.92 kB[37m[2m | [22m                [36m1.19 kB[37m
[32mstyles-YLMPMMDU.css[37m[2m | [22m[2mstyles[22m                   [2m | [22m  [36m1.28 kB[37m[2m | [22m              [36m558 bytes[37m
[32mchunk-GM3RLMZZ.js[37m  [2m | [22m[2m-[22m                        [2m | [22m[36m322 bytes[37m[2m | [22m              [36m322 bytes[37m
[1m [22m                  [2m | [22m[1mInitial total[22m            [2m | [22m[1m840.32 kB[22m[2m | [22m              [1m199.43 kB[22m
[1mLazy chunk files[22m   [2m | [22m[1mNames[22m                    [2m | [22m [1mRaw size[22m[2m | [22m[1mEstimated transfer size[22m
[32mchunk-SCNWPBDL.js[37m  [2m | [22m[2m-[22m                        [2m | [22m [36m78.99 kB[37m[2m | [22m               [36m21.07 kB[37m
[32mchunk-GRL3SDNS.js[37m  [2m | [22m[2m-[22m                        [2m | [22m [36m46.07 kB[37m[2m | [22m                [36m9.36 kB[37m
[32mchunk-4NYZVBSA.js[37m  [[39m
[37m2m | [22m[2myoga-layout-component[22m    [2m | [22m [36m39.19 kB[37m[2m | [22m                [36m7.92 kB[37m
[32mchunk-QLHHUDRW.js[37m  [2m | [22m[2mshop-manage[22m              [2m | [22m [36m32.09 kB[37m[2m | [22m                [36m7.50 kB[37m
[32mchunk-AL7AMEFQ.js[37m  [2m | [22m[2myoga-home-component[22m      [2m | [22m [36m28.27 kB[37m[2m | [22m                [36m7.15 kB[37m
[32mchunk-ZPK3MLJF.js[37m  [2m | [22m[2madmin-users-component[22m    [2m | [22m [36m23.48 kB[37m[2m | [22m                [36m5.67 kB[37m
[32mchunk-C2HVG5J7.js[37m  [2m | [22m[2myoga-vinyasa-component[22m   [2m | [22m [36m21.52 kB[37m[2m | [22m                [36m5.61 kB[37m
[32mchunk-QDG4AEKK.js[37m  [2m | [22m[2myoga-about-component[22m     [2m | [22m [36m21.12 kB[37m[2m | [22m                [36m5.39 kB[37m
[32mchunk-YUGCQM5U.js[37m  [2m | [22m[2myoga-hatha-component[22m     [2m | [22m [36m21.03 kB[37m[2m | [22m                [36m5.75 kB[37m
[32mchunk-HMU6YWHK.js[37m  [2m | [22m[2myoga-suave-component[22m     [2m | [22m [36m20.74 kB[37m[2m | [22m                [36m5.50 kB[37m
[32mchunk-JBXQRI4P.js[37m  [2m | [22m[2myoga-yin-component[22m       [2m | [22m [36m20.68 kB[37m[2m | [22m                [36m5.46 kB[37m
[32mchunk-XSROCG2Z.js[37m  [2m | [22m[2myoga-khatva-component[22m    [2m | [22m [36m18.38 kB[37m[2m | [22m                [36m4.81 kB[37m
[32mchunk-4LDZGBNU.js[37m  [2m | [22m[2myoga-osteopatia-component[22m[2m | [22m [36m17.85 kB[37m[2m | [22m                [36m4.71 kB[37m
[32mchunk-GPS7AQWD.js[37m  [2m | [22m[2madmin-layout-component[22m   [2m | [22m [36m17.46 kB[37m[2m | [22m                [36m3.66 kB[37m
[32mchunk-J6ARUK7T.js[37m  [2m | [22m[2morders-manage-component[22m  [2m | [22m [36m17.42 kB[37m[2m | [22m                [36m4.80 kB[37m
[2m...and 31 more lazy chunks files. Use "--verbose" t[39m[37mo show all the files.[22m
[35mPrerendered 36 static routes.[37m
Application bundle generation failed. [18.274 seconds] - 2026-03-17T22:35:17.991Z
[39m
[1m[33m[33m▲ [43;33m[[43;30mWARNING[43;33m][0m [1mNG8103: NG8103: The `*ngIf` directive was used in the template, but neither the `NgIf` directive nor the `CommonModule` was imported. Use Angular's built-in control flow @if or make sure that either the `NgIf` directive or the `CommonModule` is included in the `@Component.imports` array of this component. Find more at https://v21.angular.dev/extended-diagnostics/NG8103[0m [1m[35m[plugin angular-compiler][0m
    apps/boty-app/src/app/yoga-sadhana/admin/layout/admin-layout.component.html:54:42:
[37m      54 │ ...lass="adm-nav-section-title" *[32mngIf[37m="!sidebarCollapsed && !isMob...
         ╵                                  [32m~~~~[0m
  Warning occurs in the template of component AdminLayoutComponent.
    apps/boty-app/src/app/yoga-sadhana/admin/layout/admin-layout.component.ts:9:15:
[37m      9 │   templateUrl: [32m'./admin-layout.component.html'[37m,
        ╵                [32m~~~~~~~~~~~~~~~~~~~~~~~~~~~~~~~[0m
[33m▲ [43;33m[[43;30mWARNING[43;33m][0m [1mModule '@grpc/grpc-js' used by 'node_modules/@angular/fire/node_modules/@firebase/firestore/dist/index.node.mjs' is not ESM[0m
  CommonJS or AMD dependencies can cause optimization bailouts.
  For more information see: [4mhttps://angular.dev/tools/cli/build#configuring-commonjs-dependencies[0m
[33m▲ [43;33m[[43;30mWARNING[43;33m][0m [1mModule '@grpc/proto-loader' used by 'node_modules/@angular/fire/node_modules/@firebase/firestore/dist/index.node.mjs' is not ESM[0m
  CommonJS or AMD dependencies can cause optimization bailouts.
  For more information see: [4mhttps://angular.dev/tools/cli/build#configuring-commonjs-dependencies[0m
[39m[22m
[1m[31m[31m✘ [41;31m[[41;97mERROR[41;31m][0m [1mAn error occurred while prerendering route '/yoga-sadhana/admin/tienda/pedidos'.
Type does not match the expected instance. Did you pass a reference from a different Firestore SDK?[0m
[31m✘ [41;31m[[41;97mERROR[41;31m][0m [1mAn error occurred while prerendering route '/yoga-sadhana/dashboard/perfil'.
Terminating worker thread[0m
[31m✘ [41;31m[[41;97mERROR[41;31m][0m [1mAn error occurred while prerendering route '/yoga-sadhana'.
Terminating worker thread[0m
[31m✘ [41;31m[[41;97mERROR[41;31m][0m [1mAn error occurred while prerendering route '/yoga-sadhana/clases'.
Terminating worker thread[0m
[31m✘ [41;31m[[41;97mERROR[41;31m][0m [1mAn error occurred while prerendering route '/yoga-sadhana/nosotros'.
Terminating worker thread[0m
[31m✘ [41;31m[[41;97mERROR[41;31m][0m [1mAn error occurred while prerendering route '/yoga-sadhana/hatha-yoga'.
Terminating worker thread[0m
[31m✘ [41;31m[[41;97mERROR[41;31m][0m [1mAn error occurred while prerendering route '/yoga-sadhana/yin-yoga'.
Terminating worker thread[0m
[31m✘ [41;31m[[41;97mERROR[41;31m][0m [1mAn error occurred while prerendering route '/yoga-sadhana/khatva-yoga'.
Terminating worker thread[0m
[31m✘ [41;31m[[41;97mERROR[41;31m][0m [1mAn error occurred while prerendering route '/yoga-sadhana/bienestar/masajes'.
Terminating worker thread[0m
[31m✘ [41;31m[[41;97mERROR[41;31m][0m [1mAn error occurred while prerendering route '/yoga-sadhana/bienestar/bioenergetica'.
Terminating worker thread[0m
[31m✘ [41;31m[[41;97mERROR[41;31m][0m [1mAn error occurred while prerendering route '/yoga-sadhana/contacto'.
Terminating worker thread[0m
[31m✘ [41;31m[[41;97mERROR[41;31m][0m [1mAn error occurred while prerendering route '/yoga-sadhana/carrito'.
Terminating worker thread[0m
[31m✘ [41;31m[[41;97mERROR[41;31m][0m [1mAn error occurred while prerendering route '/yoga-sadh[39m[22m[1m[31mana/register'.
Terminating worker thread[0m
[31m✘ [41;31m[[41;97mERROR[41;31m][0m [1mAn error occurred while prerendering route '/yoga-sadhana/admin/login'.
Terminating worker thread[0m
[31m✘ [41;31m[[41;97mERROR[41;31m][0m [1mAn error occurred while prerendering route '/yoga-sadhana/admin/usuarios'.
Terminating worker thread[0m
[31m✘ [41;31m[[41;97mERROR[41;31m][0m [1mAn error occurred while prerendering route '/yoga-sadhana/admin/tienda/productos'.
Terminating worker thread[0m
[31m✘ [41;31m[[41;97mERROR[41;31m][0m [1mAn error occurred while prerendering route '/yoga-sadhana/admin/tienda/marcas'.
Terminating worker thread[0m
[31m✘ [41;31m[[41;97mERROR[41;31m][0m [1mAn error occurred while prerendering route '/yoga-sadhana/admin/tienda/atributos'.
Terminating worker thread[0m
[31m✘ [41;31m[[41;97mERROR[41;31m][0m [1mAn error occurred while prerendering route '/yoga-sadhana/dashboard/reservas'.
Terminating worker thread[0m
[31m✘ [41;31m[[41;97mERROR[41;31m][0m [1mAn error occurred while prerendering route '/yoga-sadhana/dashboard'.
Terminating worker thread[0m
[31m✘ [41;31m[[41;97mERROR[41;31m][0m [1mAn error occurred while prerendering route '/yoga-sadhana/admin/tienda/proveedores'.
Terminating worker thread[0m
[39m[22m



 NX   Running target build for project boty-app failed

Failed tasks:

- boty-app:build:production

Hint: run the command with --verbose for more details.

